<?xml version="1.0" encoding="UTF-8"?>
<testsuite name="ru.netology.PostTest" tests="1" skipped="0" failures="0" errors="0" timestamp="2022-05-11T08:50:58" hostname="GONBB" time="2.708">
  <properties/>
  <testcase name="shouldPost()" classname="ru.netology.PostTest" time="2.708"/>
  <system-out><![CDATA[]]></system-out>
  <system-err><![CDATA[]]></system-err>
</testsuite>
